<?xml version="1.0" encoding="UTF-8"?>
<testsuite xmlns:xsi="http://www.w3.org/2001/XMLSchema-instance" xsi:noNamespaceSchemaLocation="https://maven.apache.org/surefire/maven-surefire-plugin/xsd/surefire-test-report-3.0.xsd" version="3.0" name="us.abstracta.runners.RunCucumberTest" time="0.898" tests="1" errors="1" skipped="0" failures="0">
  <properties>
    <property name="java.specification.version" value="17"/>
    <property name="sun.cpu.isalist" value="amd64"/>
    <property name="sun.jnu.encoding" value="Cp1252"/>
    <property name="java.class.path" value="C:\Users\locop\IdeaProjects\POC_WOM\target\test-classes;C:\Users\locop\IdeaProjects\POC_WOM\target\classes;C:\Users\locop\.m2\repository\com\microsoft\playwright\playwright\1.28.0\playwright-1.28.0.jar;C:\Users\locop\.m2\repository\com\google\code\gson\gson\2.8.9\gson-2.8.9.jar;C:\Users\locop\.m2\repository\org\opentest4j\opentest4j\1.2.0\opentest4j-1.2.0.jar;C:\Users\locop\.m2\repository\com\microsoft\playwright\driver\1.28.0\driver-1.28.0.jar;C:\Users\locop\.m2\repository\com\microsoft\playwright\driver-bundle\1.28.0\driver-bundle-1.28.0.jar;C:\Users\locop\.m2\repository\io\cucumber\cucumber-java\7.3.3\cucumber-java-7.3.3.jar;C:\Users\locop\.m2\repository\io\cucumber\cucumber-core\7.3.3\cucumber-core-7.3.3.jar;C:\Users\locop\.m2\repository\io\cucumber\cucumber-gherkin\7.3.3\cucumber-gherkin-7.3.3.jar;C:\Users\locop\.m2\repository\io\cucumber\cucumber-gherkin-messages\7.3.3\cucumber-gherkin-messages-7.3.3.jar;C:\Users\locop\.m2\repository\io\cucumber\gherkin\23.0.1\gherkin-23.0.1.jar;C:\Users\locop\.m2\repository\io\cucumber\messages\18.0.0\messages-18.0.0.jar;C:\Users\locop\.m2\repository\io\cucumber\tag-expressions\4.1.0\tag-expressions-4.1.0.jar;C:\Users\locop\.m2\repository\io\cucumber\cucumber-expressions\15.1.1\cucumber-expressions-15.1.1.jar;C:\Users\locop\.m2\repository\io\cucumber\datatable\7.3.3\datatable-7.3.3.jar;C:\Users\locop\.m2\repository\io\cucumber\cucumber-plugin\7.3.3\cucumber-plugin-7.3.3.jar;C:\Users\locop\.m2\repository\io\cucumber\docstring\7.3.3\docstring-7.3.3.jar;C:\Users\locop\.m2\repository\io\cucumber\html-formatter\19.1.0\html-formatter-19.1.0.jar;C:\Users\locop\.m2\repository\io\cucumber\ci-environment\9.0.4\ci-environment-9.0.4.jar;C:\Users\locop\.m2\repository\org\apiguardian\apiguardian-api\1.1.2\apiguardian-api-1.1.2.jar;C:\Users\locop\.m2\repository\io\cucumber\cucumber-junit\7.3.3\cucumber-junit-7.3.3.jar;C:\Users\locop\.m2\repository\org\picocontainer\picocontainer\2.15\picocontainer-2.15.jar;C:\Users\locop\.m2\repository\javax\inject\javax.inject\1\javax.inject-1.jar;C:\Users\locop\.m2\repository\junit\junit\4.13.2\junit-4.13.2.jar;C:\Users\locop\.m2\repository\org\hamcrest\hamcrest-core\1.3\hamcrest-core-1.3.jar;"/>
    <property name="java.vm.vendor" value="Oracle Corporation"/>
    <property name="sun.arch.data.model" value="64"/>
    <property name="user.variant" value=""/>
    <property name="java.vendor.url" value="https://java.oracle.com/"/>
    <property name="user.timezone" value="America/Santiago"/>
    <property name="os.name" value="Windows 10"/>
    <property name="java.vm.specification.version" value="17"/>
    <property name="sun.java.launcher" value="SUN_STANDARD"/>
    <property name="user.country" value="CL"/>
    <property name="sun.boot.library.path" value="C:\Program Files\Java\jdk-17\bin"/>
    <property name="sun.java.command" value="C:\Users\locop\AppData\Local\Temp\surefire7569103852780905310\surefirebooter13513242878262254672.jar C:\Users\locop\AppData\Local\Temp\surefire7569103852780905310 2024-07-01T12-02-09_220-jvmRun1 surefire16147555112685799757tmp surefire_04515379456699301987tmp"/>
    <property name="jdk.debug" value="release"/>
    <property name="surefire.test.class.path" value="C:\Users\locop\IdeaProjects\POC_WOM\target\test-classes;C:\Users\locop\IdeaProjects\POC_WOM\target\classes;C:\Users\locop\.m2\repository\com\microsoft\playwright\playwright\1.28.0\playwright-1.28.0.jar;C:\Users\locop\.m2\repository\com\google\code\gson\gson\2.8.9\gson-2.8.9.jar;C:\Users\locop\.m2\repository\org\opentest4j\opentest4j\1.2.0\opentest4j-1.2.0.jar;C:\Users\locop\.m2\repository\com\microsoft\playwright\driver\1.28.0\driver-1.28.0.jar;C:\Users\locop\.m2\repository\com\microsoft\playwright\driver-bundle\1.28.0\driver-bundle-1.28.0.jar;C:\Users\locop\.m2\repository\io\cucumber\cucumber-java\7.3.3\cucumber-java-7.3.3.jar;C:\Users\locop\.m2\repository\io\cucumber\cucumber-core\7.3.3\cucumber-core-7.3.3.jar;C:\Users\locop\.m2\repository\io\cucumber\cucumber-gherkin\7.3.3\cucumber-gherkin-7.3.3.jar;C:\Users\locop\.m2\repository\io\cucumber\cucumber-gherkin-messages\7.3.3\cucumber-gherkin-messages-7.3.3.jar;C:\Users\locop\.m2\repository\io\cucumber\gherkin\23.0.1\gherkin-23.0.1.jar;C:\Users\locop\.m2\repository\io\cucumber\messages\18.0.0\messages-18.0.0.jar;C:\Users\locop\.m2\repository\io\cucumber\tag-expressions\4.1.0\tag-expressions-4.1.0.jar;C:\Users\locop\.m2\repository\io\cucumber\cucumber-expressions\15.1.1\cucumber-expressions-15.1.1.jar;C:\Users\locop\.m2\repository\io\cucumber\datatable\7.3.3\datatable-7.3.3.jar;C:\Users\locop\.m2\repository\io\cucumber\cucumber-plugin\7.3.3\cucumber-plugin-7.3.3.jar;C:\Users\locop\.m2\repository\io\cucumber\docstring\7.3.3\docstring-7.3.3.jar;C:\Users\locop\.m2\repository\io\cucumber\html-formatter\19.1.0\html-formatter-19.1.0.jar;C:\Users\locop\.m2\repository\io\cucumber\ci-environment\9.0.4\ci-environment-9.0.4.jar;C:\Users\locop\.m2\repository\org\apiguardian\apiguardian-api\1.1.2\apiguardian-api-1.1.2.jar;C:\Users\locop\.m2\repository\io\cucumber\cucumber-junit\7.3.3\cucumber-junit-7.3.3.jar;C:\Users\locop\.m2\repository\org\picocontainer\picocontainer\2.15\picocontainer-2.15.jar;C:\Users\locop\.m2\repository\javax\inject\javax.inject\1\javax.inject-1.jar;C:\Users\locop\.m2\repository\junit\junit\4.13.2\junit-4.13.2.jar;C:\Users\locop\.m2\repository\org\hamcrest\hamcrest-core\1.3\hamcrest-core-1.3.jar;"/>
    <property name="sun.cpu.endian" value="little"/>
    <property name="user.home" value="C:\Users\locop"/>
    <property name="user.language" value="es"/>
    <property name="java.specification.vendor" value="Oracle Corporation"/>
    <property name="java.version.date" value="2024-04-16"/>
    <property name="java.home" value="C:\Program Files\Java\jdk-17"/>
    <property name="file.separator" value="\"/>
    <property name="basedir" value="C:\Users\locop\IdeaProjects\POC_WOM"/>
    <property name="java.vm.compressedOopsMode" value="32-bit"/>
    <property name="line.separator" value="&#10;"/>
    <property name="java.vm.specification.vendor" value="Oracle Corporation"/>
    <property name="java.specification.name" value="Java Platform API Specification"/>
    <property name="surefire.real.class.path" value="C:\Users\locop\AppData\Local\Temp\surefire7569103852780905310\surefirebooter13513242878262254672.jar"/>
    <property name="user.script" value=""/>
    <property name="sun.management.compiler" value="HotSpot 64-Bit Tiered Compilers"/>
    <property name="java.runtime.version" value="17.0.11+7-LTS-207"/>
    <property name="user.name" value="locop"/>
    <property name="path.separator" value=";"/>
    <property name="os.version" value="10.0"/>
    <property name="java.runtime.name" value="Java(TM) SE Runtime Environment"/>
    <property name="file.encoding" value="Cp1252"/>
    <property name="java.vm.name" value="Java HotSpot(TM) 64-Bit Server VM"/>
    <property name="localRepository" value="C:\Users\locop\.m2\repository"/>
    <property name="java.vendor.url.bug" value="https://bugreport.java.com/bugreport/"/>
    <property name="java.io.tmpdir" value="C:\Users\locop\AppData\Local\Temp\"/>
    <property name="java.version" value="17.0.11"/>
    <property name="user.dir" value="C:\Users\locop\IdeaProjects\POC_WOM"/>
    <property name="os.arch" value="amd64"/>
    <property name="java.vm.specification.name" value="Java Virtual Machine Specification"/>
    <property name="sun.os.patch.level" value=""/>
    <property name="native.encoding" value="Cp1252"/>
    <property name="java.library.path" value="C:\Program Files\Java\jdk-17\bin;C:\WINDOWS\Sun\Java\bin;C:\WINDOWS\system32;C:\WINDOWS;C:\Program Files\Common Files\Oracle\Java\javapath;C:\WINDOWS\system32;C:\WINDOWS;C:\WINDOWS\System32\Wbem;C:\WINDOWS\System32\WindowsPowerShell\v1.0\;C:\WINDOWS\System32\OpenSSH\;C:\Program Files\Git\cmd;C:\Program Files\Apache\Maven\apache-maven-3.9.8\bin;C:\Program Files\Java\jdk-17\bin;C:\Program Files\PowerShell\7\;C:\Program Files\PowerShell\7-preview\preview;C:\Users\locop\AppData\Local\Microsoft\WindowsApps;;C:\Program Files\JetBrains\IntelliJ IDEA Community Edition 2024.1.4\bin;;C:\Users\locop\AppData\Local\Programs\Microsoft VS Code\bin;."/>
    <property name="java.vm.info" value="mixed mode, sharing"/>
    <property name="java.vendor" value="Oracle Corporation"/>
    <property name="java.vm.version" value="17.0.11+7-LTS-207"/>
    <property name="sun.io.unicode.encoding" value="UnicodeLittle"/>
    <property name="java.class.version" value="61.0"/>
  </properties>
  <testcase name="Usuario revisa si tiene factibilidad de fibra óptica ingresando mal el nro de documento (CI)" classname="Revisar Factibilidad Fibra Óptica" time="0.223">
    <error message="The step &apos;el usuario está en la página principal de WOM&apos; and 3 other step(s) are undefined.&#10;You can implement these steps using the snippet(s) below:&#10;&#10;@Given(&quot;el usuario está en la página principal de WOM&quot;)&#10;public void el_usuario_está_en_la_página_principal_de_wom() {&#10;    // Write code here that turns the phrase above into concrete actions&#10;    throw new io.cucumber.java.PendingException();&#10;}&#10;@When(&quot;el usuario navega al menú Planes y selecciona el submenú Planes + Equipos&quot;)&#10;public void el_usuario_navega_al_menú_planes_y_selecciona_el_submenú_planes_equipos() {&#10;    // Write code here that turns the phrase above into concrete actions&#10;    throw new io.cucumber.java.PendingException();&#10;}&#10;@Then(&quot;debería ver la página de Planes + Equipos&quot;)&#10;public void debería_ver_la_página_de_planes_equipos() {&#10;    // Write code here that turns the phrase above into concrete actions&#10;    throw new io.cucumber.java.PendingException();&#10;}&#10;@Then(&quot;el usuario hace click en la opción de {int} MB&quot;)&#10;public void el_usuario_hace_click_en_la_opción_de_mb(Integer int1) {&#10;    // Write code here that turns the phrase above into concrete actions&#10;    throw new io.cucumber.java.PendingException();&#10;}&#10;" type="io.cucumber.junit.UndefinedStepException"><![CDATA[io.cucumber.junit.UndefinedStepException: 
The step 'el usuario está en la página principal de WOM' and 3 other step(s) are undefined.
You can implement these steps using the snippet(s) below:

@Given("el usuario está en la página principal de WOM")
public void el_usuario_está_en_la_página_principal_de_wom() {
    // Write code here that turns the phrase above into concrete actions
    throw new io.cucumber.java.PendingException();
}
@When("el usuario navega al menú Planes y selecciona el submenú Planes + Equipos")
public void el_usuario_navega_al_menú_planes_y_selecciona_el_submenú_planes_equipos() {
    // Write code here that turns the phrase above into concrete actions
    throw new io.cucumber.java.PendingException();
}
@Then("debería ver la página de Planes + Equipos")
public void debería_ver_la_página_de_planes_equipos() {
    // Write code here that turns the phrase above into concrete actions
    throw new io.cucumber.java.PendingException();
}
@Then("el usuario hace click en la opción de {int} MB")
public void el_usuario_hace_click_en_la_opción_de_mb(Integer int1) {
    // Write code here that turns the phrase above into concrete actions
    throw new io.cucumber.java.PendingException();
}

]]></error>
  </testcase>
</testsuite>